  GravitySimulation.cpp
D:\Projektek\GravitySimulation\Rendering.h(15,57): warning C4244: 'argument': conversion from 'double' to 'T', possible loss of data
          with
          [
              T=float
          ]
D:\Projektek\GravitySimulation\Rendering.h(15,47): warning C4244: 'argument': conversion from 'double' to 'T', possible loss of data
          with
          [
              T=float
          ]
D:\Projektek\GravitySimulation\Rendering.h(15,84): warning C4244: 'argument': conversion from 'double' to 'T', possible loss of data
          with
          [
              T=float
          ]
D:\Projektek\GravitySimulation\Rendering.h(15,76): warning C4244: 'argument': conversion from 'double' to 'T', possible loss of data
          with
          [
              T=float
          ]
D:\Projektek\GravitySimulation\Rendering.h(19,26): warning C4244: 'argument': conversion from 'double' to 'float', possible loss of data
D:\Projektek\GravitySimulation\Rendering.h(25,37): warning C4244: 'argument': conversion from 'double' to 'float', possible loss of data
D:\Projektek\GravitySimulation\Rendering.h(29,26): warning C4244: 'argument': conversion from 'double' to 'float', possible loss of data
  Generating code
  19 of 340 functions ( 5.6%) were compiled, the rest were copied from previous compilation.
    0 functions were new in current compilation
    7 functions had inline decision re-evaluated but remain unchanged
  Finished generating code
  GravitySimulation.vcxproj -> D:\Projektek\GravitySimulation\x64\Release\GravitySimulation.exe
